<?xml version="1.0" encoding="UTF-8"?>
<testsuite name="quantitymeasurement.QuantityMeasurementTest" tests="1" skipped="0" failures="0" errors="0" timestamp="2020-09-05T08:12:09" hostname="ilaf-Inspiron-15-3567" time="0.183">
  <properties/>
  <testcase name="given2Temperature_when1OfTypeCelsiusWithValue100And1OfTypeFahrenheitWithValue212_shouldReturnTrue" classname="quantitymeasurement.QuantityMeasurementTest" time="0.183"/>
  <system-out><![CDATA[]]></system-out>
  <system-err><![CDATA[]]></system-err>
</testsuite>
