<?xml version="1.0" encoding="UTF-8"?>
<testsuite name="quantitymeasurement.QuantityMeasurementTest" tests="1" skipped="0" failures="0" errors="0" timestamp="2020-09-05T06:30:54" hostname="ilaf-Inspiron-15-3567" time="0.053">
  <properties/>
  <testcase name="given2Volume_when1OfTypeGallonWithValue1And1OfTypeLitreWithValue3point78_shouldReturnTrue" classname="quantitymeasurement.QuantityMeasurementTest" time="0.053"/>
  <system-out><![CDATA[]]></system-out>
  <system-err><![CDATA[]]></system-err>
</testsuite>
