<?xml version="1.0" encoding="UTF-8"?>
<testsuite name="quantitymeasurement.QuantityMeasurementTest" tests="1" skipped="0" failures="0" errors="0" timestamp="2020-09-04T17:49:30" hostname="ilaf-Inspiron-15-3567" time="0.273">
  <properties/>
  <testcase name="given2Lengths_whenHasDifferentTypes_shouldBeUnequal" classname="quantitymeasurement.QuantityMeasurementTest" time="0.273"/>
  <system-out><![CDATA[]]></system-out>
  <system-err><![CDATA[]]></system-err>
</testsuite>
