<?xml version="1.0" encoding="UTF-8"?>
<testsuite name="quantitymeasurement.QuantityMeasurementTest" tests="1" skipped="0" failures="0" errors="0" timestamp="2020-09-05T02:26:46" hostname="ilaf-Inspiron-15-3567" time="24.102">
  <properties/>
  <testcase name="given2Lenghts_when1YardWithValue1And1FeetWithValue3_shouldReturnTrue" classname="quantitymeasurement.QuantityMeasurementTest" time="24.102"/>
  <system-out><![CDATA[]]></system-out>
  <system-err><![CDATA[]]></system-err>
</testsuite>
