<?xml version="1.0" encoding="UTF-8"?>
<testsuite name="quantitymeasurement.QuantityMeasurementTest" tests="1" skipped="0" failures="0" errors="0" timestamp="2020-09-04T17:23:37" hostname="ilaf-Inspiron-15-3567" time="0.215">
  <properties/>
  <testcase name="given1Length_whenOfTypeFeetAndHasValueNotNull_shouldReturnTrue" classname="quantitymeasurement.QuantityMeasurementTest" time="0.215"/>
  <system-out><![CDATA[]]></system-out>
  <system-err><![CDATA[]]></system-err>
</testsuite>
