<?xml version="1.0" encoding="UTF-8"?>
<testsuite name="quantitymeasurement.QuantityMeasurementTest" tests="1" skipped="0" failures="0" errors="0" timestamp="2020-09-05T06:33:45" hostname="ilaf-Inspiron-15-3567" time="0.029">
  <properties/>
  <testcase name="given2Volume_when1OfTypeLitreWithValue1And1OfTypeMillilitreWithValue1000_shouldReturnTrue" classname="quantitymeasurement.QuantityMeasurementTest" time="0.029"/>
  <system-out><![CDATA[]]></system-out>
  <system-err><![CDATA[]]></system-err>
</testsuite>
