<?xml version="1.0" encoding="UTF-8"?>
<testsuite name="quantitymeasurement.QuantityMeasurementTest" tests="1" skipped="0" failures="0" errors="0" timestamp="2020-09-04T18:31:38" hostname="ilaf-Inspiron-15-3567" time="0.002">
  <properties/>
  <testcase name="given2Lengths_whenHasDifferentTypesInchAndInteger_shouldBeUnequal" classname="quantitymeasurement.QuantityMeasurementTest" time="0.002"/>
  <system-out><![CDATA[]]></system-out>
  <system-err><![CDATA[]]></system-err>
</testsuite>
