<?xml version="1.0" encoding="UTF-8"?>
<testsuite name="quantitymeasurement.QuantityMeasurementTest" tests="1" skipped="0" failures="0" errors="0" timestamp="2020-09-05T06:50:07" hostname="ilaf-Inspiron-15-3567" time="0.004">
  <properties/>
  <testcase name="given2Weights_whenOfTypeKilogramAndBothHasValueZeroAndOne_shouldBeUnequal" classname="quantitymeasurement.QuantityMeasurementTest" time="0.004"/>
  <system-out><![CDATA[]]></system-out>
  <system-err><![CDATA[]]></system-err>
</testsuite>
