<?xml version="1.0" encoding="UTF-8"?>
<testsuite name="quantitymeasurement.QuantityMeasurementTest" tests="1" skipped="1" failures="0" errors="0" timestamp="2020-09-05T02:29:16" hostname="ilaf-Inspiron-15-3567" time="117.213">
  <properties/>
  <testcase name="given2Lenghts_when1YardWithValue1And1FeetWithValue3_shouldReturnTrue" classname="quantitymeasurement.QuantityMeasurementTest" time="117.213">
    <skipped/>
  </testcase>
  <system-out><![CDATA[]]></system-out>
  <system-err><![CDATA[]]></system-err>
</testsuite>
