<?xml version="1.0" encoding="UTF-8"?>
<testsuite name="quantitymeasurement.QuantityMeasurementTest" tests="2" skipped="0" failures="0" errors="0" timestamp="2020-09-04T15:07:33" hostname="ilaf-Inspiron-15-3567" time="0.115">
  <properties/>
  <testcase name="given2Lengths_whenOfTypeFeetAndBothHasValueZero_shouldReturnTrue" classname="quantitymeasurement.QuantityMeasurementTest" time="0.113"/>
  <testcase name="given2Lengths_whenOfTypeFeetAndBothHasValueZeroAndOne_shouldReturnTrue" classname="quantitymeasurement.QuantityMeasurementTest" time="0.001"/>
  <system-out><![CDATA[]]></system-out>
  <system-err><![CDATA[]]></system-err>
</testsuite>
